<?xml version="1.0" encoding="UTF-8"?>
<testng-results skipped="0" failed="0" total="1" passed="1">
  <reporter-output>
  </reporter-output>
  <suite name="Suite" duration-ms="28427" started-at="2019-03-11T13:54:43Z" finished-at="2019-03-11T13:55:11Z">
    <groups>
    </groups>
    <test name="Test" duration-ms="28427" started-at="2019-03-11T13:54:43Z" finished-at="2019-03-11T13:55:11Z">
      <class name="mypackage.SwitchWindowExample">
        <test-method status="PASS" signature="printChildWindowTitles()[pri:0, instance:mypackage.SwitchWindowExample@101b7af]" name="printChildWindowTitles" duration-ms="28405" started-at="2019-03-11T19:24:43Z" finished-at="2019-03-11T19:25:11Z">
          <reporter-output>
          </reporter-output>
        </test-method> <!-- printChildWindowTitles -->
      </class> <!-- mypackage.SwitchWindowExample -->
    </test> <!-- Test -->
  </suite> <!-- Suite -->
</testng-results>
